<?xml version="1.0" encoding="UTF-8"?>
<!-- Generated by org.testng.reporters.JUnitReportReporter -->
<testsuite hostname="DESKTOP-32EVRVB" failures="0" tests="4" name="TestNg.DependsOnMethods" time="0.037" errors="0" timestamp="2023-01-05T14:35:50 GMT-08:00" skipped="0">
  <testcase classname="TestNg.DependsOnMethods" name="search" time="0.010"/>
  <system-out/>
  <testcase classname="TestNg.DependsOnMethods" name="select" time="0.005"/>
  <system-out/>
  <testcase classname="TestNg.DependsOnMethods" name="login" time="0.005"/>
  <system-out/>
  <testcase classname="TestNg.DependsOnMethods" name="addToCart" time="0.017"/>
  <system-out/>
</testsuite> <!-- TestNg.DependsOnMethods -->
