<?xml version="1.0" encoding="UTF-8"?>
<!-- Generated by org.testng.reporters.JUnitReportReporter -->
<testsuite hostname="DESKTOP-32EVRVB" failures="0" tests="1" name="BasicTestScript.BaseScript2" time="0.011" errors="0" timestamp="2023-01-06T15:04:16 GMT-08:00" skipped="0">
  <testcase classname="BasicTestScript.BaseScript2" name="verifyHomePageTest" time="0.011"/>
  <system-out/>
</testsuite> <!-- BasicTestScript.BaseScript2 -->
